2026-05-10 14:08:58 - Standardized_Data_Layer.run - INFO - Generated sample data for users with 5 rows
2026-05-10 14:08:58 - Standardized_Data_Layer.run - INFO - Generated sample data for items with 5 rows
2026-05-10 14:08:58 - Standardized_Data_Layer.run - INFO - Generated sample data for transactions with 5 rows
2026-05-10 14:08:58 - Standardized_Data_Layer.run - INFO - Generated sample data for interactions with 5 rows
2026-05-10 14:08:58 - Standardized_Data_Layer.run - INFO - Generated sample data for categories with 5 rows
2026-05-10 14:08:58 - Standardized_Data_Layer.run - INFO - Starting standardization pipeline
2026-05-10 14:08:58 - Standardized_Data_Layer.run - INFO - Completed standardization for users
2026-05-10 14:08:58 - Standardized_Data_Layer.run - INFO - Completed standardization for items
2026-05-10 14:08:58 - Standardized_Data_Layer.run - INFO - Completed standardization for transactions
2026-05-10 14:08:58 - Standardized_Data_Layer.run - INFO - Completed standardization for interactions
2026-05-10 14:08:58 - Standardized_Data_Layer.run - INFO - Completed standardization for categories
2026-05-10 14:08:58 - Standardized_Data_Layer.run - INFO - Standardization pipeline completed in 0.15s
2026-05-10 14:09:03 - Standardized_Data_Layer.run - INFO - Generated sample data for users with 5 rows
2026-05-10 14:09:03 - Standardized_Data_Layer.run - INFO - Generated sample data for items with 5 rows
2026-05-10 14:09:03 - Standardized_Data_Layer.run - INFO - Generated sample data for transactions with 5 rows
2026-05-10 14:09:03 - Standardized_Data_Layer.run - INFO - Generated sample data for interactions with 5 rows
2026-05-10 14:09:03 - Standardized_Data_Layer.run - INFO - Generated sample data for categories with 5 rows
2026-05-10 14:09:03 - Standardized_Data_Layer.run - INFO - Starting standardization pipeline
2026-05-10 14:09:03 - Standardized_Data_Layer.run - INFO - Completed standardization for users
2026-05-10 14:09:03 - Standardized_Data_Layer.run - INFO - Completed standardization for items
2026-05-10 14:09:03 - Standardized_Data_Layer.run - INFO - Completed standardization for transactions
2026-05-10 14:09:03 - Standardized_Data_Layer.run - INFO - Completed standardization for interactions
2026-05-10 14:09:03 - Standardized_Data_Layer.run - INFO - Completed standardization for categories
2026-05-10 14:09:03 - Standardized_Data_Layer.run - INFO - Standardization pipeline completed in 0.12s
2026-05-10 14:09:32 - Standardized_Data_Layer.run - INFO - Generated sample data for users with 5 rows
2026-05-10 14:09:32 - Standardized_Data_Layer.run - INFO - Generated sample data for items with 5 rows
2026-05-10 14:09:32 - Standardized_Data_Layer.run - INFO - Generated sample data for transactions with 5 rows
2026-05-10 14:09:32 - Standardized_Data_Layer.run - INFO - Generated sample data for interactions with 5 rows
2026-05-10 14:09:32 - Standardized_Data_Layer.run - INFO - Generated sample data for categories with 5 rows
2026-05-10 14:09:32 - Standardized_Data_Layer.run - INFO - Starting standardization pipeline
2026-05-10 14:09:32 - Standardized_Data_Layer.run - INFO - Completed standardization for users
2026-05-10 14:09:32 - Standardized_Data_Layer.run - INFO - Completed standardization for items
2026-05-10 14:09:32 - Standardized_Data_Layer.run - INFO - Completed standardization for transactions
2026-05-10 14:09:32 - Standardized_Data_Layer.run - INFO - Completed standardization for interactions
2026-05-10 14:09:32 - Standardized_Data_Layer.run - INFO - Completed standardization for categories
2026-05-10 14:09:32 - Standardized_Data_Layer.run - INFO - Standardization pipeline completed in 0.10s
