2026-05-10 14:08:58 - Standardized_Data_Layer.dataset_writer - INFO - Writing users to /workspace/output/standardized/users.parquet (5 rows)
2026-05-10 14:08:58 - Standardized_Data_Layer.dataset_writer - INFO - Successfully wrote users to /workspace/output/standardized/users.parquet
2026-05-10 14:08:58 - Standardized_Data_Layer.dataset_writer - INFO - Writing items to /workspace/output/standardized/items.parquet (5 rows)
2026-05-10 14:08:58 - Standardized_Data_Layer.dataset_writer - INFO - Successfully wrote items to /workspace/output/standardized/items.parquet
2026-05-10 14:08:58 - Standardized_Data_Layer.dataset_writer - INFO - Writing transactions to /workspace/output/standardized/transactions.parquet (5 rows)
2026-05-10 14:08:58 - Standardized_Data_Layer.dataset_writer - INFO - Successfully wrote transactions to /workspace/output/standardized/transactions.parquet
2026-05-10 14:08:58 - Standardized_Data_Layer.dataset_writer - INFO - Writing interactions to /workspace/output/standardized/interactions.parquet (5 rows)
2026-05-10 14:08:58 - Standardized_Data_Layer.dataset_writer - INFO - Successfully wrote interactions to /workspace/output/standardized/interactions.parquet
2026-05-10 14:08:58 - Standardized_Data_Layer.dataset_writer - INFO - Writing categories to /workspace/output/standardized/categories.parquet (5 rows)
2026-05-10 14:08:58 - Standardized_Data_Layer.dataset_writer - INFO - Successfully wrote categories to /workspace/output/standardized/categories.parquet
2026-05-10 14:09:03 - Standardized_Data_Layer.dataset_writer - INFO - Writing users to /workspace/output/standardized/users.parquet (5 rows)
2026-05-10 14:09:03 - Standardized_Data_Layer.dataset_writer - INFO - Successfully wrote users to /workspace/output/standardized/users.parquet
2026-05-10 14:09:03 - Standardized_Data_Layer.dataset_writer - INFO - Writing items to /workspace/output/standardized/items.parquet (5 rows)
2026-05-10 14:09:03 - Standardized_Data_Layer.dataset_writer - INFO - Successfully wrote items to /workspace/output/standardized/items.parquet
2026-05-10 14:09:03 - Standardized_Data_Layer.dataset_writer - INFO - Writing transactions to /workspace/output/standardized/transactions.parquet (5 rows)
2026-05-10 14:09:03 - Standardized_Data_Layer.dataset_writer - INFO - Successfully wrote transactions to /workspace/output/standardized/transactions.parquet
2026-05-10 14:09:03 - Standardized_Data_Layer.dataset_writer - INFO - Writing interactions to /workspace/output/standardized/interactions.parquet (5 rows)
2026-05-10 14:09:03 - Standardized_Data_Layer.dataset_writer - INFO - Successfully wrote interactions to /workspace/output/standardized/interactions.parquet
2026-05-10 14:09:03 - Standardized_Data_Layer.dataset_writer - INFO - Writing categories to /workspace/output/standardized/categories.parquet (5 rows)
2026-05-10 14:09:03 - Standardized_Data_Layer.dataset_writer - INFO - Successfully wrote categories to /workspace/output/standardized/categories.parquet
2026-05-10 14:09:32 - Standardized_Data_Layer.dataset_writer - INFO - Writing users to /workspace/output/standardized/users.parquet (5 rows)
2026-05-10 14:09:32 - Standardized_Data_Layer.dataset_writer - INFO - Successfully wrote users to /workspace/output/standardized/users.parquet
2026-05-10 14:09:32 - Standardized_Data_Layer.dataset_writer - INFO - Writing items to /workspace/output/standardized/items.parquet (5 rows)
2026-05-10 14:09:32 - Standardized_Data_Layer.dataset_writer - INFO - Successfully wrote items to /workspace/output/standardized/items.parquet
2026-05-10 14:09:32 - Standardized_Data_Layer.dataset_writer - INFO - Writing transactions to /workspace/output/standardized/transactions.parquet (5 rows)
2026-05-10 14:09:32 - Standardized_Data_Layer.dataset_writer - INFO - Successfully wrote transactions to /workspace/output/standardized/transactions.parquet
2026-05-10 14:09:32 - Standardized_Data_Layer.dataset_writer - INFO - Writing interactions to /workspace/output/standardized/interactions.parquet (5 rows)
2026-05-10 14:09:32 - Standardized_Data_Layer.dataset_writer - INFO - Successfully wrote interactions to /workspace/output/standardized/interactions.parquet
2026-05-10 14:09:32 - Standardized_Data_Layer.dataset_writer - INFO - Writing categories to /workspace/output/standardized/categories.parquet (5 rows)
2026-05-10 14:09:32 - Standardized_Data_Layer.dataset_writer - INFO - Successfully wrote categories to /workspace/output/standardized/categories.parquet
